2021-05-15 08:43:29,888 INFO o.a.j.u.JMeterUtils: Setting Locale to en_EN
2021-05-15 08:43:29,899 INFO o.a.j.JMeter: Loading user properties from: /data/tools/apache-jmeter-5.4.1/bin/user.properties
2021-05-15 08:43:29,900 INFO o.a.j.JMeter: Loading system properties from: /data/tools/apache-jmeter-5.4.1/bin/system.properties
2021-05-15 08:43:29,907 INFO o.a.j.JMeter: Copyright (c) 1998-2021 The Apache Software Foundation
2021-05-15 08:43:29,907 INFO o.a.j.JMeter: Version 5.4.1
2021-05-15 08:43:29,907 INFO o.a.j.JMeter: java.version=1.8.0_201
2021-05-15 08:43:29,907 INFO o.a.j.JMeter: java.vm.name=Java HotSpot(TM) 64-Bit Server VM
2021-05-15 08:43:29,907 INFO o.a.j.JMeter: os.name=Linux
2021-05-15 08:43:29,907 INFO o.a.j.JMeter: os.arch=amd64
2021-05-15 08:43:29,907 INFO o.a.j.JMeter: os.version=5.8.0-50-generic
2021-05-15 08:43:29,907 INFO o.a.j.JMeter: file.encoding=UTF-8
2021-05-15 08:43:29,907 INFO o.a.j.JMeter: java.awt.headless=null
2021-05-15 08:43:29,907 INFO o.a.j.JMeter: Max memory     =1073741824
2021-05-15 08:43:29,908 INFO o.a.j.JMeter: Available Processors =12
2021-05-15 08:43:29,911 INFO o.a.j.JMeter: Default Locale=English (EN)
2021-05-15 08:43:29,911 INFO o.a.j.JMeter: JMeter  Locale=English (EN)
2021-05-15 08:43:29,911 INFO o.a.j.JMeter: JMeterHome=/data/tools/apache-jmeter-5.4.1
2021-05-15 08:43:29,911 INFO o.a.j.JMeter: user.dir  =/data/work/NurseWorks
2021-05-15 08:43:29,911 INFO o.a.j.JMeter: PWD       =/data/work/NurseWorks
2021-05-15 08:43:29,924 INFO o.a.j.JMeter: IP: 192.168.1.6 Name: laptop FullName: laptop
2021-05-15 08:43:30,031 INFO o.a.j.JMeter: Setting LAF to: com.github.weisj.darklaf.DarkLaf:com.github.weisj.darklaf.theme.DarculaTheme
2021-05-15 08:43:30,295 INFO o.a.j.JMeter: Loaded icon properties from org/apache/jmeter/images/icon.properties
2021-05-15 08:43:47,559 INFO o.a.j.s.FileServer: Default base='/data/work/NurseWorks'
2021-05-15 08:43:47,561 INFO o.a.j.g.a.Load: Loading file: /data/work/NurseWorks/test/LoadTest.jmx
2021-05-15 08:43:47,561 INFO o.a.j.s.FileServer: Set new base='/data/work/NurseWorks/test'
2021-05-15 08:43:47,676 INFO o.a.j.s.SaveService: Testplan (JMX) version: 2.2. Testlog (JTL) version: 2.2
2021-05-15 08:43:47,687 INFO o.a.j.s.SaveService: Using SaveService properties file encoding UTF-8
2021-05-15 08:43:47,688 INFO o.a.j.s.SaveService: Using SaveService properties version 5.0
2021-05-15 08:43:47,691 INFO o.a.j.s.SaveService: Loading file: /data/work/NurseWorks/test/LoadTest.jmx
2021-05-15 08:43:47,713 INFO o.a.j.p.h.c.CookieManager: Settings: Delete null: true Check: true Allow variable: true Save: false Prefix: COOKIE_
2021-05-15 08:43:47,732 INFO o.a.j.p.h.s.HTTPSamplerBase: Parser for text/html is org.apache.jmeter.protocol.http.parser.LagartoBasedHtmlParser
2021-05-15 08:43:47,733 INFO o.a.j.p.h.s.HTTPSamplerBase: Parser for application/xhtml+xml is org.apache.jmeter.protocol.http.parser.LagartoBasedHtmlParser
2021-05-15 08:43:47,733 INFO o.a.j.p.h.s.HTTPSamplerBase: Parser for application/xml is org.apache.jmeter.protocol.http.parser.LagartoBasedHtmlParser
2021-05-15 08:43:47,733 INFO o.a.j.p.h.s.HTTPSamplerBase: Parser for text/xml is org.apache.jmeter.protocol.http.parser.LagartoBasedHtmlParser
2021-05-15 08:43:47,733 INFO o.a.j.p.h.s.HTTPSamplerBase: Parser for text/vnd.wap.wml is org.apache.jmeter.protocol.http.parser.RegexpHTMLParser
2021-05-15 08:43:47,733 INFO o.a.j.p.h.s.HTTPSamplerBase: Parser for text/css is org.apache.jmeter.protocol.http.parser.CssParser
2021-05-15 08:43:47,855 INFO o.a.j.e.KeyToolUtils: keytool found at 'keytool'
2021-05-15 08:43:47,855 INFO o.a.j.p.h.p.ProxyControl: HTTP(S) Test Script Recorder SSL Proxy will use keys that support embedded 3rd party resources in file /data/tools/apache-jmeter-5.4.1/bin/proxyserver.jks
2021-05-15 08:43:47,957 INFO o.a.j.s.SampleResult: Note: Sample TimeStamps are START times
2021-05-15 08:43:47,957 INFO o.a.j.s.SampleResult: sampleresult.default.encoding is set to ISO-8859-1
2021-05-15 08:43:47,957 INFO o.a.j.s.SampleResult: sampleresult.useNanoTime=true
2021-05-15 08:43:47,957 INFO o.a.j.s.SampleResult: sampleresult.nanoThreadSleep=5000
2021-05-15 08:43:48,382 INFO o.a.j.s.FileServer: Set new base='/data/work/NurseWorks/test'
2021-05-15 08:44:23,797 INFO o.a.j.e.StandardJMeterEngine: Running the test!
2021-05-15 08:44:23,798 INFO o.a.j.s.SampleEvent: List of sample_variables: []
2021-05-15 08:44:23,798 INFO o.a.j.s.SampleEvent: List of sample_variables: []
2021-05-15 08:44:23,799 INFO o.a.j.e.u.CompoundVariable: Note: Function class names must contain the string: '.functions.'
2021-05-15 08:44:23,799 INFO o.a.j.e.u.CompoundVariable: Note: Function class names must not contain the string: '.gui.'
2021-05-15 08:44:23,963 INFO o.a.j.g.u.JMeterMenuBar: setRunning(true, *local*)
2021-05-15 08:44:23,990 INFO o.a.j.e.StandardJMeterEngine: Starting ThreadGroup: 1 : Thread Group
2021-05-15 08:44:23,991 INFO o.a.j.e.StandardJMeterEngine: Starting 50 threads for group Thread Group.
2021-05-15 08:44:23,991 INFO o.a.j.e.StandardJMeterEngine: Thread will continue on error
2021-05-15 08:44:23,991 INFO o.a.j.t.ThreadGroup: Starting thread group... number=1 threads=50 ramp-up=10 delayedStart=false
2021-05-15 08:44:24,001 INFO o.a.j.t.JMeterThread: Thread started: Thread Group 1-1
2021-05-15 08:44:24,065 INFO o.a.j.t.ThreadGroup: Started thread group number 1
2021-05-15 08:44:24,065 INFO o.a.j.e.StandardJMeterEngine: All thread groups have been started
2021-05-15 08:44:24,197 INFO o.a.j.t.JMeterThread: Thread started: Thread Group 1-2
2021-05-15 08:44:24,397 INFO o.a.j.t.JMeterThread: Thread started: Thread Group 1-3
2021-05-15 08:44:24,597 INFO o.a.j.t.JMeterThread: Thread started: Thread Group 1-4
2021-05-15 08:44:24,796 INFO o.a.j.t.JMeterThread: Thread started: Thread Group 1-5
2021-05-15 08:44:24,997 INFO o.a.j.t.JMeterThread: Thread started: Thread Group 1-6
2021-05-15 08:44:25,195 INFO o.a.j.t.JMeterThread: Thread started: Thread Group 1-7
2021-05-15 08:44:25,394 INFO o.a.j.t.JMeterThread: Thread started: Thread Group 1-8
2021-05-15 08:44:25,594 INFO o.a.j.t.JMeterThread: Thread started: Thread Group 1-9
2021-05-15 08:44:25,795 INFO o.a.j.t.JMeterThread: Thread started: Thread Group 1-10
2021-05-15 08:44:25,997 INFO o.a.j.t.JMeterThread: Thread started: Thread Group 1-11
2021-05-15 08:44:26,194 INFO o.a.j.t.JMeterThread: Thread started: Thread Group 1-12
2021-05-15 08:44:26,395 INFO o.a.j.t.JMeterThread: Thread started: Thread Group 1-13
2021-05-15 08:44:26,595 INFO o.a.j.t.JMeterThread: Thread started: Thread Group 1-14
2021-05-15 08:44:26,605 INFO o.a.j.p.h.s.HTTPHCAbstractImpl: Local host = laptop
2021-05-15 08:44:26,609 INFO o.a.j.p.h.s.HTTPHC4Impl: HTTP request retry count = 0
2021-05-15 08:44:26,699 INFO o.a.j.p.h.s.h.LazyLayeredConnectionSocketFactory: Setting up HTTPS TrustAll Socket Factory
2021-05-15 08:44:26,702 INFO o.a.j.u.JsseSSLManager: Using default SSL protocol: TLS
2021-05-15 08:44:26,702 INFO o.a.j.u.JsseSSLManager: SSL session context: per-thread
2021-05-15 08:44:26,794 INFO o.a.j.t.JMeterThread: Thread started: Thread Group 1-15
2021-05-15 08:44:26,826 INFO o.a.j.u.SSLManager: JmeterKeyStore Location:  type JKS
2021-05-15 08:44:26,826 INFO o.a.j.u.SSLManager: KeyStore created OK
2021-05-15 08:44:26,826 WARN o.a.j.u.SSLManager: Keystore file not found, loading empty keystore
2021-05-15 08:44:26,994 INFO o.a.j.t.JMeterThread: Thread started: Thread Group 1-16
2021-05-15 08:44:27,193 INFO o.a.j.t.JMeterThread: Thread started: Thread Group 1-17
2021-05-15 08:44:27,393 INFO o.a.j.t.JMeterThread: Thread started: Thread Group 1-18
2021-05-15 08:44:27,594 INFO o.a.j.t.JMeterThread: Thread started: Thread Group 1-19
2021-05-15 08:44:27,794 INFO o.a.j.t.JMeterThread: Thread started: Thread Group 1-20
2021-05-15 08:44:27,993 INFO o.a.j.t.JMeterThread: Thread started: Thread Group 1-21
2021-05-15 08:44:28,194 INFO o.a.j.t.JMeterThread: Thread started: Thread Group 1-22
2021-05-15 08:44:28,393 INFO o.a.j.t.JMeterThread: Thread started: Thread Group 1-23
2021-05-15 08:44:28,595 INFO o.a.j.t.JMeterThread: Thread started: Thread Group 1-24
2021-05-15 08:44:28,793 INFO o.a.j.t.JMeterThread: Thread started: Thread Group 1-25
2021-05-15 08:44:28,994 INFO o.a.j.t.JMeterThread: Thread started: Thread Group 1-26
2021-05-15 08:44:29,194 INFO o.a.j.t.JMeterThread: Thread started: Thread Group 1-27
2021-05-15 08:44:29,393 INFO o.a.j.t.JMeterThread: Thread started: Thread Group 1-28
2021-05-15 08:44:29,593 INFO o.a.j.t.JMeterThread: Thread started: Thread Group 1-29
2021-05-15 08:44:29,793 INFO o.a.j.t.JMeterThread: Thread started: Thread Group 1-30
2021-05-15 08:44:29,992 INFO o.a.j.t.JMeterThread: Thread started: Thread Group 1-31
2021-05-15 08:44:30,192 INFO o.a.j.t.JMeterThread: Thread started: Thread Group 1-32
2021-05-15 08:44:30,393 INFO o.a.j.t.JMeterThread: Thread started: Thread Group 1-33
2021-05-15 08:44:30,592 INFO o.a.j.t.JMeterThread: Thread started: Thread Group 1-34
2021-05-15 08:44:30,793 INFO o.a.j.t.JMeterThread: Thread started: Thread Group 1-35
2021-05-15 08:44:30,994 INFO o.a.j.t.JMeterThread: Thread started: Thread Group 1-36
2021-05-15 08:44:31,193 INFO o.a.j.t.JMeterThread: Thread started: Thread Group 1-37
2021-05-15 08:44:31,393 INFO o.a.j.t.JMeterThread: Thread started: Thread Group 1-38
2021-05-15 08:44:31,592 INFO o.a.j.t.JMeterThread: Thread started: Thread Group 1-39
2021-05-15 08:44:31,792 INFO o.a.j.t.JMeterThread: Thread started: Thread Group 1-40
2021-05-15 08:44:31,993 INFO o.a.j.t.JMeterThread: Thread started: Thread Group 1-41
2021-05-15 08:44:32,193 INFO o.a.j.t.JMeterThread: Thread started: Thread Group 1-42
2021-05-15 08:44:32,393 INFO o.a.j.t.JMeterThread: Thread started: Thread Group 1-43
2021-05-15 08:44:32,593 INFO o.a.j.t.JMeterThread: Thread started: Thread Group 1-44
2021-05-15 08:44:32,793 INFO o.a.j.t.JMeterThread: Thread started: Thread Group 1-45
2021-05-15 08:44:32,993 INFO o.a.j.t.JMeterThread: Thread started: Thread Group 1-46
2021-05-15 08:44:33,193 INFO o.a.j.t.JMeterThread: Thread started: Thread Group 1-47
2021-05-15 08:44:33,393 INFO o.a.j.t.JMeterThread: Thread started: Thread Group 1-48
2021-05-15 08:44:33,593 INFO o.a.j.t.JMeterThread: Thread started: Thread Group 1-49
2021-05-15 08:44:33,793 INFO o.a.j.t.JMeterThread: Thread started: Thread Group 1-50
2021-05-15 08:45:00,516 INFO o.a.j.s.FileServer: Stored: LoadTest.jmx
2021-05-15 08:45:17,315 INFO o.a.j.s.FileServer: Stored: Top Reddit Threads - Cheat Sheet.pdf
2021-05-15 08:46:15,089 INFO o.a.j.g.a.Start: Stopping test
2021-05-15 08:46:15,101 INFO o.a.j.t.JMeterThread: Stopping: Thread Group 1-1
2021-05-15 08:46:15,101 INFO o.a.j.t.JMeterThread: Stopping: Thread Group 1-11
2021-05-15 08:46:15,102 WARN o.a.j.t.JMeterThread: The delay timer was interrupted - probably did not wait as long as intended.
2021-05-15 08:46:15,102 INFO o.a.j.t.JMeterThread: Stopping: Thread Group 1-27
2021-05-15 08:46:15,102 WARN o.a.j.t.JMeterThread: The delay timer was interrupted - probably did not wait as long as intended.
2021-05-15 08:46:15,102 INFO o.a.j.t.JMeterThread: Stopping: Thread Group 1-38
2021-05-15 08:46:15,102 INFO o.a.j.t.JMeterThread: Thread finished: Thread Group 1-1
2021-05-15 08:46:15,102 WARN o.a.j.t.JMeterThread: The delay timer was interrupted - probably did not wait as long as intended.
2021-05-15 08:46:15,102 INFO o.a.j.t.JMeterThread: Stopping: Thread Group 1-25
2021-05-15 08:46:15,102 INFO o.a.j.t.JMeterThread: Thread finished: Thread Group 1-11
2021-05-15 08:46:15,103 WARN o.a.j.t.JMeterThread: The delay timer was interrupted - probably did not wait as long as intended.
2021-05-15 08:46:15,103 INFO o.a.j.t.JMeterThread: Stopping: Thread Group 1-41
2021-05-15 08:46:15,103 WARN o.a.j.t.JMeterThread: The delay timer was interrupted - probably did not wait as long as intended.
2021-05-15 08:46:15,103 INFO o.a.j.t.JMeterThread: Thread finished: Thread Group 1-27
2021-05-15 08:46:15,103 INFO o.a.j.t.JMeterThread: Thread finished: Thread Group 1-38
2021-05-15 08:46:15,103 INFO o.a.j.t.JMeterThread: Thread finished: Thread Group 1-25
2021-05-15 08:46:15,103 INFO o.a.j.t.JMeterThread: Stopping: Thread Group 1-45
2021-05-15 08:46:15,104 WARN o.a.j.t.JMeterThread: The delay timer was interrupted - probably did not wait as long as intended.
2021-05-15 08:46:15,104 WARN o.a.j.t.JMeterThread: Interrupting: Thread Group 1-45 sampler: Update Request
2021-05-15 08:46:15,104 INFO o.a.j.t.JMeterThread: Thread finished: Thread Group 1-41
2021-05-15 08:46:15,110 INFO o.a.j.t.JMeterThread: Stopping: Thread Group 1-26
2021-05-15 08:46:15,110 INFO o.a.j.t.JMeterThread: Stopping: Thread Group 1-50
2021-05-15 08:46:15,110 WARN o.a.j.t.JMeterThread: The delay timer was interrupted - probably did not wait as long as intended.
2021-05-15 08:46:15,111 INFO o.a.j.t.JMeterThread: Stopping: Thread Group 1-37
2021-05-15 08:46:15,111 WARN o.a.j.t.JMeterThread: The delay timer was interrupted - probably did not wait as long as intended.
2021-05-15 08:46:15,111 INFO o.a.j.t.JMeterThread: Stopping: Thread Group 1-42
2021-05-15 08:46:15,111 INFO o.a.j.t.JMeterThread: Thread finished: Thread Group 1-26
2021-05-15 08:46:15,111 WARN o.a.j.t.JMeterThread: The delay timer was interrupted - probably did not wait as long as intended.
2021-05-15 08:46:15,111 INFO o.a.j.t.JMeterThread: Thread finished: Thread Group 1-50
2021-05-15 08:46:15,111 INFO o.a.j.t.JMeterThread: Stopping: Thread Group 1-6
2021-05-15 08:46:15,111 WARN o.a.j.t.JMeterThread: The delay timer was interrupted - probably did not wait as long as intended.
2021-05-15 08:46:15,112 INFO o.a.j.t.JMeterThread: Thread finished: Thread Group 1-37
2021-05-15 08:46:15,112 WARN o.a.j.t.JMeterThread: Interrupting: Thread Group 1-6 sampler: View Request
2021-05-15 08:46:15,112 INFO o.a.j.t.JMeterThread: Thread finished: Thread Group 1-42
2021-05-15 08:46:15,115 INFO o.a.j.t.JMeterThread: Thread finished: Thread Group 1-45
2021-05-15 08:46:15,115 INFO o.a.j.t.JMeterThread: Stopping: Thread Group 1-49
2021-05-15 08:46:15,116 INFO o.a.j.t.JMeterThread: Stopping: Thread Group 1-12
2021-05-15 08:46:15,116 WARN o.a.j.t.JMeterThread: The delay timer was interrupted - probably did not wait as long as intended.
2021-05-15 08:46:15,116 INFO o.a.j.t.JMeterThread: Stopping: Thread Group 1-30
2021-05-15 08:46:15,117 INFO o.a.j.t.JMeterThread: Thread finished: Thread Group 1-49
2021-05-15 08:46:15,117 INFO o.a.j.t.JMeterThread: Stopping: Thread Group 1-18
2021-05-15 08:46:15,117 WARN o.a.j.t.JMeterThread: The delay timer was interrupted - probably did not wait as long as intended.
2021-05-15 08:46:15,117 INFO o.a.j.t.JMeterThread: Stopping: Thread Group 1-29
2021-05-15 08:46:15,117 WARN o.a.j.t.JMeterThread: The delay timer was interrupted - probably did not wait as long as intended.
2021-05-15 08:46:15,117 INFO o.a.j.t.JMeterThread: Thread finished: Thread Group 1-6
2021-05-15 08:46:15,117 INFO o.a.j.t.JMeterThread: Thread finished: Thread Group 1-30
2021-05-15 08:46:15,117 INFO o.a.j.t.JMeterThread: Stopping: Thread Group 1-32
2021-05-15 08:46:15,118 WARN o.a.j.t.JMeterThread: The delay timer was interrupted - probably did not wait as long as intended.
2021-05-15 08:46:15,119 INFO o.a.j.t.JMeterThread: Stopping: Thread Group 1-23
2021-05-15 08:46:15,119 WARN o.a.j.t.JMeterThread: The delay timer was interrupted - probably did not wait as long as intended.
2021-05-15 08:46:15,118 INFO o.a.j.t.JMeterThread: Thread finished: Thread Group 1-18
2021-05-15 08:46:15,118 WARN o.a.j.t.JMeterThread: The delay timer was interrupted - probably did not wait as long as intended.
2021-05-15 08:46:15,120 INFO o.a.j.t.JMeterThread: Thread finished: Thread Group 1-32
2021-05-15 08:46:15,119 INFO o.a.j.t.JMeterThread: Thread finished: Thread Group 1-29
2021-05-15 08:46:15,120 INFO o.a.j.t.JMeterThread: Thread finished: Thread Group 1-12
2021-05-15 08:46:15,122 INFO o.a.j.t.JMeterThread: Stopping: Thread Group 1-46
2021-05-15 08:46:15,124 WARN o.a.j.t.JMeterThread: The delay timer was interrupted - probably did not wait as long as intended.
2021-05-15 08:46:15,124 INFO o.a.j.t.JMeterThread: Stopping: Thread Group 1-8
2021-05-15 08:46:15,124 WARN o.a.j.t.JMeterThread: The delay timer was interrupted - probably did not wait as long as intended.
2021-05-15 08:46:15,124 WARN o.a.j.t.JMeterThread: Interrupting: Thread Group 1-8 sampler: View Request
2021-05-15 08:46:15,124 INFO o.a.j.t.JMeterThread: Thread finished: Thread Group 1-23
2021-05-15 08:46:15,125 INFO o.a.j.t.JMeterThread: Thread finished: Thread Group 1-46
2021-05-15 08:46:15,127 INFO o.a.j.t.JMeterThread: Stopping: Thread Group 1-19
2021-05-15 08:46:15,128 WARN o.a.j.t.JMeterThread: Interrupting: Thread Group 1-19 sampler: Search Support Requests
2021-05-15 08:46:15,130 INFO o.a.j.t.JMeterThread: Stopping: Thread Group 1-33
2021-05-15 08:46:15,130 INFO o.a.j.t.JMeterThread: Thread finished: Thread Group 1-8
2021-05-15 08:46:15,130 INFO o.a.j.t.JMeterThread: Stopping: Thread Group 1-5
2021-05-15 08:46:15,131 WARN o.a.j.t.JMeterThread: The delay timer was interrupted - probably did not wait as long as intended.
2021-05-15 08:46:15,131 INFO o.a.j.t.JMeterThread: Stopping: Thread Group 1-44
2021-05-15 08:46:15,131 WARN o.a.j.t.JMeterThread: The delay timer was interrupted - probably did not wait as long as intended.
2021-05-15 08:46:15,131 INFO o.a.j.t.JMeterThread: Stopping: Thread Group 1-22
2021-05-15 08:46:15,131 INFO o.a.j.t.JMeterThread: Thread finished: Thread Group 1-33
2021-05-15 08:46:15,131 WARN o.a.j.t.JMeterThread: The delay timer was interrupted - probably did not wait as long as intended.
2021-05-15 08:46:15,131 WARN o.a.j.t.JMeterThread: Interrupting: Thread Group 1-22 sampler: Update Request
2021-05-15 08:46:15,131 INFO o.a.j.t.JMeterThread: Thread finished: Thread Group 1-5
2021-05-15 08:46:15,131 INFO o.a.j.t.JMeterThread: Thread finished: Thread Group 1-19
2021-05-15 08:46:15,132 INFO o.a.j.t.JMeterThread: Thread finished: Thread Group 1-44
2021-05-15 08:46:15,134 INFO o.a.j.t.JMeterThread: Stopping: Thread Group 1-48
2021-05-15 08:46:15,134 INFO o.a.j.t.JMeterThread: Stopping: Thread Group 1-7
2021-05-15 08:46:15,134 WARN o.a.j.t.JMeterThread: The delay timer was interrupted - probably did not wait as long as intended.
2021-05-15 08:46:15,134 INFO o.a.j.t.JMeterThread: Stopping: Thread Group 1-13
2021-05-15 08:46:15,134 INFO o.a.j.t.JMeterThread: Stopping: Thread Group 1-24
2021-05-15 08:46:15,134 INFO o.a.j.t.JMeterThread: Thread finished: Thread Group 1-48
2021-05-15 08:46:15,134 WARN o.a.j.t.JMeterThread: The delay timer was interrupted - probably did not wait as long as intended.
2021-05-15 08:46:15,135 INFO o.a.j.t.JMeterThread: Stopping: Thread Group 1-47
2021-05-15 08:46:15,135 WARN o.a.j.t.JMeterThread: The delay timer was interrupted - probably did not wait as long as intended.
2021-05-15 08:46:15,135 WARN o.a.j.t.JMeterThread: Interrupting: Thread Group 1-47 sampler: Edit Request
2021-05-15 08:46:15,135 INFO o.a.j.t.JMeterThread: Thread finished: Thread Group 1-13
2021-05-15 08:46:15,135 INFO o.a.j.t.JMeterThread: Thread finished: Thread Group 1-22
2021-05-15 08:46:15,135 INFO o.a.j.t.JMeterThread: Thread finished: Thread Group 1-24
2021-05-15 08:46:15,135 WARN o.a.j.t.JMeterThread: The delay timer was interrupted - probably did not wait as long as intended.
2021-05-15 08:46:15,136 INFO o.a.j.t.JMeterThread: Thread finished: Thread Group 1-7
2021-05-15 08:46:15,137 INFO o.a.j.t.JMeterThread: Stopping: Thread Group 1-28
2021-05-15 08:46:15,137 INFO o.a.j.t.JMeterThread: Stopping: Thread Group 1-20
2021-05-15 08:46:15,137 WARN o.a.j.t.JMeterThread: Interrupting: Thread Group 1-20 sampler: Search Support Requests
2021-05-15 08:46:15,138 INFO o.a.j.t.JMeterThread: Thread finished: Thread Group 1-47
2021-05-15 08:46:15,138 WARN o.a.j.t.JMeterThread: The delay timer was interrupted - probably did not wait as long as intended.
2021-05-15 08:46:15,138 INFO o.a.j.t.JMeterThread: Thread finished: Thread Group 1-28
2021-05-15 08:46:15,139 INFO o.a.j.t.JMeterThread: Stopping: Thread Group 1-39
2021-05-15 08:46:15,139 INFO o.a.j.t.JMeterThread: Stopping: Thread Group 1-40
2021-05-15 08:46:15,139 WARN o.a.j.t.JMeterThread: The delay timer was interrupted - probably did not wait as long as intended.
2021-05-15 08:46:15,139 INFO o.a.j.t.JMeterThread: Stopping: Thread Group 1-4
2021-05-15 08:46:15,140 WARN o.a.j.t.JMeterThread: The delay timer was interrupted - probably did not wait as long as intended.
2021-05-15 08:46:15,140 INFO o.a.j.t.JMeterThread: Stopping: Thread Group 1-14
2021-05-15 08:46:15,140 WARN o.a.j.t.JMeterThread: The delay timer was interrupted - probably did not wait as long as intended.
2021-05-15 08:46:15,140 INFO o.a.j.t.JMeterThread: Thread finished: Thread Group 1-39
2021-05-15 08:46:15,140 INFO o.a.j.t.JMeterThread: Thread finished: Thread Group 1-40
2021-05-15 08:46:15,140 WARN o.a.j.t.JMeterThread: The delay timer was interrupted - probably did not wait as long as intended.
2021-05-15 08:46:15,140 INFO o.a.j.t.JMeterThread: Thread finished: Thread Group 1-4
2021-05-15 08:46:15,140 INFO o.a.j.t.JMeterThread: Thread finished: Thread Group 1-20
2021-05-15 08:46:15,140 INFO o.a.j.t.JMeterThread: Thread finished: Thread Group 1-14
2021-05-15 08:46:15,141 INFO o.a.j.t.JMeterThread: Stopping: Thread Group 1-21
2021-05-15 08:46:15,141 INFO o.a.j.t.JMeterThread: Stopping: Thread Group 1-35
2021-05-15 08:46:15,141 WARN o.a.j.t.JMeterThread: The delay timer was interrupted - probably did not wait as long as intended.
2021-05-15 08:46:15,141 WARN o.a.j.t.JMeterThread: Interrupting: Thread Group 1-35 sampler: Update Request
2021-05-15 08:46:15,141 INFO o.a.j.t.JMeterThread: Thread finished: Thread Group 1-21
2021-05-15 08:46:15,142 INFO o.a.j.t.JMeterThread: Stopping: Thread Group 1-43
2021-05-15 08:46:15,143 INFO o.a.j.t.JMeterThread: Stopping: Thread Group 1-31
2021-05-15 08:46:15,143 WARN o.a.j.t.JMeterThread: The delay timer was interrupted - probably did not wait as long as intended.
2021-05-15 08:46:15,143 WARN o.a.j.t.JMeterThread: Interrupting: Thread Group 1-31 sampler: Update Request
2021-05-15 08:46:15,143 INFO o.a.j.t.JMeterThread: Thread finished: Thread Group 1-43
2021-05-15 08:46:15,143 INFO o.a.j.t.JMeterThread: Thread finished: Thread Group 1-35
2021-05-15 08:46:15,144 INFO o.a.j.t.JMeterThread: Stopping: Thread Group 1-34
2021-05-15 08:46:15,144 INFO o.a.j.t.JMeterThread: Stopping: Thread Group 1-2
2021-05-15 08:46:15,144 WARN o.a.j.t.JMeterThread: The delay timer was interrupted - probably did not wait as long as intended.
2021-05-15 08:46:15,144 WARN o.a.j.t.JMeterThread: Interrupting: Thread Group 1-2 sampler: Update Request
2021-05-15 08:46:15,144 INFO o.a.j.t.JMeterThread: Thread finished: Thread Group 1-34
2021-05-15 08:46:15,145 INFO o.a.j.t.JMeterThread: Stopping: Thread Group 1-16
2021-05-15 08:46:15,145 INFO o.a.j.t.JMeterThread: Thread finished: Thread Group 1-31
2021-05-15 08:46:15,145 INFO o.a.j.t.JMeterThread: Stopping: Thread Group 1-3
2021-05-15 08:46:15,145 WARN o.a.j.t.JMeterThread: The delay timer was interrupted - probably did not wait as long as intended.
2021-05-15 08:46:15,145 INFO o.a.j.t.JMeterThread: Stopping: Thread Group 1-9
2021-05-15 08:46:15,146 WARN o.a.j.t.JMeterThread: The delay timer was interrupted - probably did not wait as long as intended.
2021-05-15 08:46:15,146 INFO o.a.j.t.JMeterThread: Thread finished: Thread Group 1-16
2021-05-15 08:46:15,146 INFO o.a.j.t.JMeterThread: Stopping: Thread Group 1-15
2021-05-15 08:46:15,146 WARN o.a.j.t.JMeterThread: The delay timer was interrupted - probably did not wait as long as intended.
2021-05-15 08:46:15,146 WARN o.a.j.t.JMeterThread: Interrupting: Thread Group 1-15 sampler: Update Request
2021-05-15 08:46:15,146 INFO o.a.j.t.JMeterThread: Thread finished: Thread Group 1-3
2021-05-15 08:46:15,146 INFO o.a.j.t.JMeterThread: Thread finished: Thread Group 1-9
2021-05-15 08:46:15,146 INFO o.a.j.t.JMeterThread: Thread finished: Thread Group 1-2
2021-05-15 08:46:15,148 INFO o.a.j.t.JMeterThread: Stopping: Thread Group 1-17
2021-05-15 08:46:15,148 INFO o.a.j.t.JMeterThread: Stopping: Thread Group 1-10
2021-05-15 08:46:15,148 WARN o.a.j.t.JMeterThread: The delay timer was interrupted - probably did not wait as long as intended.
2021-05-15 08:46:15,148 WARN o.a.j.t.JMeterThread: Interrupting: Thread Group 1-10 sampler: Search Support Requests
2021-05-15 08:46:15,148 INFO o.a.j.t.JMeterThread: Thread finished: Thread Group 1-17
2021-05-15 08:46:15,148 INFO o.a.j.t.JMeterThread: Thread finished: Thread Group 1-15
2021-05-15 08:46:15,149 INFO o.a.j.t.JMeterThread: Stopping: Thread Group 1-36
2021-05-15 08:46:15,150 WARN o.a.j.t.JMeterThread: The delay timer was interrupted - probably did not wait as long as intended.
2021-05-15 08:46:15,150 INFO o.a.j.t.JMeterThread: Thread finished: Thread Group 1-10
2021-05-15 08:46:15,150 INFO o.a.j.t.JMeterThread: Thread finished: Thread Group 1-36
2021-05-15 08:46:15,150 INFO o.a.j.e.StandardJMeterEngine: Notifying test listeners of end of test
2021-05-15 08:46:15,151 INFO o.a.j.g.u.JMeterMenuBar: setRunning(false, *local*)
2021-05-15 08:46:44,359 INFO o.a.j.e.StandardJMeterEngine: Running the test!
2021-05-15 08:46:44,360 INFO o.a.j.s.SampleEvent: List of sample_variables: []
2021-05-15 08:46:44,362 INFO o.a.j.g.u.JMeterMenuBar: setRunning(true, *local*)
2021-05-15 08:46:44,474 INFO o.a.j.e.StandardJMeterEngine: Starting ThreadGroup: 1 : Thread Group
2021-05-15 08:46:44,474 INFO o.a.j.e.StandardJMeterEngine: Starting 50 threads for group Thread Group.
2021-05-15 08:46:44,474 INFO o.a.j.e.StandardJMeterEngine: Thread will continue on error
2021-05-15 08:46:44,474 INFO o.a.j.t.ThreadGroup: Starting thread group... number=1 threads=50 ramp-up=10 delayedStart=false
2021-05-15 08:46:44,475 INFO o.a.j.t.JMeterThread: Thread started: Thread Group 1-1
2021-05-15 08:46:44,507 INFO o.a.j.t.ThreadGroup: Started thread group number 1
2021-05-15 08:46:44,508 INFO o.a.j.e.StandardJMeterEngine: All thread groups have been started
2021-05-15 08:46:44,675 INFO o.a.j.t.JMeterThread: Thread started: Thread Group 1-2
2021-05-15 08:46:44,876 INFO o.a.j.t.JMeterThread: Thread started: Thread Group 1-3
2021-05-15 08:46:45,076 INFO o.a.j.t.JMeterThread: Thread started: Thread Group 1-4
2021-05-15 08:46:45,276 INFO o.a.j.t.JMeterThread: Thread started: Thread Group 1-5
2021-05-15 08:46:45,475 INFO o.a.j.t.JMeterThread: Thread started: Thread Group 1-6
2021-05-15 08:46:45,676 INFO o.a.j.t.JMeterThread: Thread started: Thread Group 1-7
2021-05-15 08:46:45,875 INFO o.a.j.t.JMeterThread: Thread started: Thread Group 1-8
2021-05-15 08:46:46,076 INFO o.a.j.t.JMeterThread: Thread started: Thread Group 1-9
2021-05-15 08:46:46,275 INFO o.a.j.t.JMeterThread: Thread started: Thread Group 1-10
2021-05-15 08:46:46,476 INFO o.a.j.t.JMeterThread: Thread started: Thread Group 1-11
2021-05-15 08:46:46,676 INFO o.a.j.t.JMeterThread: Thread started: Thread Group 1-12
2021-05-15 08:46:46,875 INFO o.a.j.t.JMeterThread: Thread started: Thread Group 1-13
2021-05-15 08:46:47,075 INFO o.a.j.t.JMeterThread: Thread started: Thread Group 1-14
2021-05-15 08:46:47,276 INFO o.a.j.t.JMeterThread: Thread started: Thread Group 1-15
2021-05-15 08:46:47,475 INFO o.a.j.t.JMeterThread: Thread started: Thread Group 1-16
2021-05-15 08:46:47,675 INFO o.a.j.t.JMeterThread: Thread started: Thread Group 1-17
2021-05-15 08:46:47,875 INFO o.a.j.t.JMeterThread: Thread started: Thread Group 1-18
2021-05-15 08:46:48,076 INFO o.a.j.t.JMeterThread: Thread started: Thread Group 1-19
2021-05-15 08:46:48,275 INFO o.a.j.t.JMeterThread: Thread started: Thread Group 1-20
2021-05-15 08:46:48,476 INFO o.a.j.t.JMeterThread: Thread started: Thread Group 1-21
2021-05-15 08:46:48,675 INFO o.a.j.t.JMeterThread: Thread started: Thread Group 1-22
2021-05-15 08:46:48,875 INFO o.a.j.t.JMeterThread: Thread started: Thread Group 1-23
2021-05-15 08:46:49,076 INFO o.a.j.t.JMeterThread: Thread started: Thread Group 1-24
2021-05-15 08:46:49,275 INFO o.a.j.t.JMeterThread: Thread started: Thread Group 1-25
2021-05-15 08:46:49,475 INFO o.a.j.t.JMeterThread: Thread started: Thread Group 1-26
2021-05-15 08:46:49,675 INFO o.a.j.t.JMeterThread: Thread started: Thread Group 1-27
2021-05-15 08:46:49,876 INFO o.a.j.t.JMeterThread: Thread started: Thread Group 1-28
2021-05-15 08:46:50,075 INFO o.a.j.t.JMeterThread: Thread started: Thread Group 1-29
2021-05-15 08:46:50,275 INFO o.a.j.t.JMeterThread: Thread started: Thread Group 1-30
2021-05-15 08:46:50,475 INFO o.a.j.t.JMeterThread: Thread started: Thread Group 1-31
2021-05-15 08:46:50,675 INFO o.a.j.t.JMeterThread: Thread started: Thread Group 1-32
2021-05-15 08:46:50,875 INFO o.a.j.t.JMeterThread: Thread started: Thread Group 1-33
2021-05-15 08:46:51,077 INFO o.a.j.t.JMeterThread: Thread started: Thread Group 1-34
2021-05-15 08:46:51,275 INFO o.a.j.t.JMeterThread: Thread started: Thread Group 1-35
2021-05-15 08:46:51,475 INFO o.a.j.t.JMeterThread: Thread started: Thread Group 1-36
2021-05-15 08:46:51,676 INFO o.a.j.t.JMeterThread: Thread started: Thread Group 1-37
2021-05-15 08:46:51,875 INFO o.a.j.t.JMeterThread: Thread started: Thread Group 1-38
2021-05-15 08:46:52,075 INFO o.a.j.t.JMeterThread: Thread started: Thread Group 1-39
2021-05-15 08:46:52,276 INFO o.a.j.t.JMeterThread: Thread started: Thread Group 1-40
2021-05-15 08:46:52,475 INFO o.a.j.t.JMeterThread: Thread started: Thread Group 1-41
2021-05-15 08:46:52,676 INFO o.a.j.t.JMeterThread: Thread started: Thread Group 1-42
2021-05-15 08:46:52,875 INFO o.a.j.t.JMeterThread: Thread started: Thread Group 1-43
2021-05-15 08:46:53,075 INFO o.a.j.t.JMeterThread: Thread started: Thread Group 1-44
2021-05-15 08:46:53,275 INFO o.a.j.t.JMeterThread: Thread started: Thread Group 1-45
2021-05-15 08:46:53,476 INFO o.a.j.t.JMeterThread: Thread started: Thread Group 1-46
2021-05-15 08:46:53,675 INFO o.a.j.t.JMeterThread: Thread started: Thread Group 1-47
2021-05-15 08:46:53,875 INFO o.a.j.t.JMeterThread: Thread started: Thread Group 1-48
2021-05-15 08:46:54,075 INFO o.a.j.t.JMeterThread: Thread started: Thread Group 1-49
2021-05-15 08:46:54,275 INFO o.a.j.t.JMeterThread: Thread started: Thread Group 1-50
2021-05-15 08:47:18,953 INFO o.a.j.s.FileServer: Stored: LoadTest.jmx
2021-05-15 08:47:34,660 INFO o.a.j.s.FileServer: Stored: Top Reddit Threads - Cheat Sheet.pdf
2021-05-15 10:26:14,877 INFO o.a.j.g.a.Start: Stopping test
2021-05-15 10:26:14,878 INFO o.a.j.t.JMeterThread: Stopping: Thread Group 1-5
2021-05-15 10:26:14,879 WARN o.a.j.t.JMeterThread: The delay timer was interrupted - probably did not wait as long as intended.
2021-05-15 10:26:14,879 INFO o.a.j.t.JMeterThread: Stopping: Thread Group 1-38
2021-05-15 10:26:14,879 INFO o.a.j.t.JMeterThread: Stopping: Thread Group 1-6
2021-05-15 10:26:14,879 INFO o.a.j.t.JMeterThread: Thread finished: Thread Group 1-5
2021-05-15 10:26:14,879 WARN o.a.j.t.JMeterThread: The delay timer was interrupted - probably did not wait as long as intended.
2021-05-15 10:26:14,879 INFO o.a.j.t.JMeterThread: Stopping: Thread Group 1-43
2021-05-15 10:26:14,879 WARN o.a.j.t.JMeterThread: The delay timer was interrupted - probably did not wait as long as intended.
2021-05-15 10:26:14,879 INFO o.a.j.t.JMeterThread: Stopping: Thread Group 1-14
2021-05-15 10:26:14,879 INFO o.a.j.t.JMeterThread: Thread finished: Thread Group 1-38
2021-05-15 10:26:14,879 WARN o.a.j.t.JMeterThread: The delay timer was interrupted - probably did not wait as long as intended.
2021-05-15 10:26:14,879 INFO o.a.j.t.JMeterThread: Stopping: Thread Group 1-26
2021-05-15 10:26:14,879 WARN o.a.j.t.JMeterThread: The delay timer was interrupted - probably did not wait as long as intended.
2021-05-15 10:26:14,879 INFO o.a.j.t.JMeterThread: Thread finished: Thread Group 1-6
2021-05-15 10:26:14,879 INFO o.a.j.t.JMeterThread: Stopping: Thread Group 1-16
2021-05-15 10:26:14,879 INFO o.a.j.t.JMeterThread: Thread finished: Thread Group 1-43
2021-05-15 10:26:14,879 INFO o.a.j.t.JMeterThread: Thread finished: Thread Group 1-14
2021-05-15 10:26:14,879 INFO o.a.j.t.JMeterThread: Stopping: Thread Group 1-48
2021-05-15 10:26:14,879 WARN o.a.j.t.JMeterThread: The delay timer was interrupted - probably did not wait as long as intended.
2021-05-15 10:26:14,879 WARN o.a.j.t.JMeterThread: Interrupting: Thread Group 1-48 sampler: Update User
2021-05-15 10:26:14,879 INFO o.a.j.t.JMeterThread: Thread finished: Thread Group 1-16
2021-05-15 10:26:14,880 WARN o.a.j.t.JMeterThread: The delay timer was interrupted - probably did not wait as long as intended.
2021-05-15 10:26:14,880 INFO o.a.j.t.JMeterThread: Thread finished: Thread Group 1-26
2021-05-15 10:26:14,880 INFO o.a.j.t.JMeterThread: Stopping: Thread Group 1-23
2021-05-15 10:26:14,880 INFO o.a.j.t.JMeterThread: Stopping: Thread Group 1-9
2021-05-15 10:26:14,880 WARN o.a.j.t.JMeterThread: The delay timer was interrupted - probably did not wait as long as intended.
2021-05-15 10:26:14,880 WARN o.a.j.t.JMeterThread: Interrupting: Thread Group 1-9 sampler: Edit Doc
2021-05-15 10:26:14,880 INFO o.a.j.t.JMeterThread: Thread finished: Thread Group 1-23
2021-05-15 10:26:14,881 INFO o.a.j.t.JMeterThread: Thread finished: Thread Group 1-48
2021-05-15 10:26:14,881 INFO o.a.j.t.JMeterThread: Stopping: Thread Group 1-19
2021-05-15 10:26:14,881 INFO o.a.j.t.JMeterThread: Stopping: Thread Group 1-49
2021-05-15 10:26:14,881 WARN o.a.j.t.JMeterThread: The delay timer was interrupted - probably did not wait as long as intended.
2021-05-15 10:26:14,881 INFO o.a.j.t.JMeterThread: Stopping: Thread Group 1-20
2021-05-15 10:26:14,881 WARN o.a.j.t.JMeterThread: The delay timer was interrupted - probably did not wait as long as intended.
2021-05-15 10:26:14,881 INFO o.a.j.t.JMeterThread: Thread finished: Thread Group 1-19
2021-05-15 10:26:14,881 INFO o.a.j.t.JMeterThread: Thread finished: Thread Group 1-9
2021-05-15 10:26:14,881 WARN o.a.j.t.JMeterThread: The delay timer was interrupted - probably did not wait as long as intended.
2021-05-15 10:26:14,881 INFO o.a.j.t.JMeterThread: Stopping: Thread Group 1-46
2021-05-15 10:26:14,881 INFO o.a.j.t.JMeterThread: Thread finished: Thread Group 1-49
2021-05-15 10:26:14,882 INFO o.a.j.t.JMeterThread: Thread finished: Thread Group 1-20
2021-05-15 10:26:14,882 WARN o.a.j.t.JMeterThread: Interrupting: Thread Group 1-46 sampler: Update Doc
2021-05-15 10:26:14,882 INFO o.a.j.t.JMeterThread: Stopping: Thread Group 1-39
2021-05-15 10:26:14,882 INFO o.a.j.t.JMeterThread: Stopping: Thread Group 1-3
2021-05-15 10:26:14,882 WARN o.a.j.t.JMeterThread: The delay timer was interrupted - probably did not wait as long as intended.
2021-05-15 10:26:14,882 INFO o.a.j.t.JMeterThread: Stopping: Thread Group 1-8
2021-05-15 10:26:14,882 WARN o.a.j.t.JMeterThread: The delay timer was interrupted - probably did not wait as long as intended.
2021-05-15 10:26:14,882 INFO o.a.j.t.JMeterThread: Thread finished: Thread Group 1-39
2021-05-15 10:26:14,882 INFO o.a.j.t.JMeterThread: Stopping: Thread Group 1-41
2021-05-15 10:26:14,882 WARN o.a.j.t.JMeterThread: The delay timer was interrupted - probably did not wait as long as intended.
2021-05-15 10:26:14,882 INFO o.a.j.t.JMeterThread: Thread finished: Thread Group 1-46
2021-05-15 10:26:14,882 INFO o.a.j.t.JMeterThread: Thread finished: Thread Group 1-3
2021-05-15 10:26:14,882 INFO o.a.j.t.JMeterThread: Stopping: Thread Group 1-42
2021-05-15 10:26:14,882 WARN o.a.j.t.JMeterThread: The delay timer was interrupted - probably did not wait as long as intended.
2021-05-15 10:26:14,882 INFO o.a.j.t.JMeterThread: Thread finished: Thread Group 1-8
2021-05-15 10:26:14,883 INFO o.a.j.t.JMeterThread: Stopping: Thread Group 1-18
2021-05-15 10:26:14,883 WARN o.a.j.t.JMeterThread: The delay timer was interrupted - probably did not wait as long as intended.
2021-05-15 10:26:14,883 INFO o.a.j.t.JMeterThread: Thread finished: Thread Group 1-41
2021-05-15 10:26:14,883 INFO o.a.j.t.JMeterThread: Stopping: Thread Group 1-13
2021-05-15 10:26:14,883 INFO o.a.j.t.JMeterThread: Stopping: Thread Group 1-40
2021-05-15 10:26:14,883 INFO o.a.j.t.JMeterThread: Thread finished: Thread Group 1-42
2021-05-15 10:26:14,883 WARN o.a.j.t.JMeterThread: Interrupting: Thread Group 1-40 sampler: Update User
2021-05-15 10:26:14,883 WARN o.a.j.t.JMeterThread: The delay timer was interrupted - probably did not wait as long as intended.
2021-05-15 10:26:14,883 WARN o.a.j.t.JMeterThread: The delay timer was interrupted - probably did not wait as long as intended.
2021-05-15 10:26:14,883 INFO o.a.j.t.JMeterThread: Thread finished: Thread Group 1-18
2021-05-15 10:26:14,883 INFO o.a.j.t.JMeterThread: Thread finished: Thread Group 1-13
2021-05-15 10:26:14,884 INFO o.a.j.t.JMeterThread: Stopping: Thread Group 1-28
2021-05-15 10:26:14,884 INFO o.a.j.t.JMeterThread: Thread finished: Thread Group 1-40
2021-05-15 10:26:14,884 INFO o.a.j.t.JMeterThread: Stopping: Thread Group 1-34
2021-05-15 10:26:14,884 WARN o.a.j.t.JMeterThread: The delay timer was interrupted - probably did not wait as long as intended.
2021-05-15 10:26:14,884 INFO o.a.j.t.JMeterThread: Stopping: Thread Group 1-25
2021-05-15 10:26:14,884 WARN o.a.j.t.JMeterThread: The delay timer was interrupted - probably did not wait as long as intended.
2021-05-15 10:26:14,884 INFO o.a.j.t.JMeterThread: Stopping: Thread Group 1-17
2021-05-15 10:26:14,884 INFO o.a.j.t.JMeterThread: Thread finished: Thread Group 1-28
2021-05-15 10:26:14,884 WARN o.a.j.t.JMeterThread: The delay timer was interrupted - probably did not wait as long as intended.
2021-05-15 10:26:14,884 INFO o.a.j.t.JMeterThread: Thread finished: Thread Group 1-34
2021-05-15 10:26:14,884 INFO o.a.j.t.JMeterThread: Stopping: Thread Group 1-45
2021-05-15 10:26:14,884 WARN o.a.j.t.JMeterThread: The delay timer was interrupted - probably did not wait as long as intended.
2021-05-15 10:26:14,884 INFO o.a.j.t.JMeterThread: Stopping: Thread Group 1-22
2021-05-15 10:26:14,884 INFO o.a.j.t.JMeterThread: Thread finished: Thread Group 1-17
2021-05-15 10:26:14,884 INFO o.a.j.t.JMeterThread: Stopping: Thread Group 1-29
2021-05-15 10:26:14,884 INFO o.a.j.t.JMeterThread: Thread finished: Thread Group 1-25
2021-05-15 10:26:14,884 WARN o.a.j.t.JMeterThread: The delay timer was interrupted - probably did not wait as long as intended.
2021-05-15 10:26:14,884 INFO o.a.j.t.JMeterThread: Stopping: Thread Group 1-50
2021-05-15 10:26:14,884 WARN o.a.j.t.JMeterThread: The delay timer was interrupted - probably did not wait as long as intended.
2021-05-15 10:26:14,884 WARN o.a.j.t.JMeterThread: Interrupting: Thread Group 1-50 sampler: View User
2021-05-15 10:26:14,884 INFO o.a.j.t.JMeterThread: Thread finished: Thread Group 1-22
2021-05-15 10:26:14,884 WARN o.a.j.t.JMeterThread: The delay timer was interrupted - probably did not wait as long as intended.
2021-05-15 10:26:14,884 INFO o.a.j.t.JMeterThread: Thread finished: Thread Group 1-29
2021-05-15 10:26:14,884 INFO o.a.j.t.JMeterThread: Thread finished: Thread Group 1-45
2021-05-15 10:26:14,885 INFO o.a.j.t.JMeterThread: Stopping: Thread Group 1-21
2021-05-15 10:26:14,885 INFO o.a.j.t.JMeterThread: Stopping: Thread Group 1-27
2021-05-15 10:26:14,885 WARN o.a.j.t.JMeterThread: The delay timer was interrupted - probably did not wait as long as intended.
2021-05-15 10:26:14,885 INFO o.a.j.t.JMeterThread: Stopping: Thread Group 1-10
2021-05-15 10:26:14,885 WARN o.a.j.t.JMeterThread: The delay timer was interrupted - probably did not wait as long as intended.
2021-05-15 10:26:14,885 INFO o.a.j.t.JMeterThread: Stopping: Thread Group 1-33
2021-05-15 10:26:14,885 INFO o.a.j.t.JMeterThread: Thread finished: Thread Group 1-50
2021-05-15 10:26:14,885 INFO o.a.j.t.JMeterThread: Thread finished: Thread Group 1-21
2021-05-15 10:26:14,885 WARN o.a.j.t.JMeterThread: The delay timer was interrupted - probably did not wait as long as intended.
2021-05-15 10:26:14,885 WARN o.a.j.t.JMeterThread: Interrupting: Thread Group 1-33 sampler: Upload
2021-05-15 10:26:14,885 INFO o.a.j.t.JMeterThread: Thread finished: Thread Group 1-27
2021-05-15 10:26:14,886 INFO o.a.j.t.JMeterThread: Thread finished: Thread Group 1-10
2021-05-15 10:26:14,888 INFO o.a.j.t.JMeterThread: Stopping: Thread Group 1-37
2021-05-15 10:26:14,888 INFO o.a.j.t.JMeterThread: Stopping: Thread Group 1-7
2021-05-15 10:26:14,888 WARN o.a.j.t.JMeterThread: The delay timer was interrupted - probably did not wait as long as intended.
2021-05-15 10:26:14,888 INFO o.a.j.t.JMeterThread: Stopping: Thread Group 1-32
2021-05-15 10:26:14,888 WARN o.a.j.t.JMeterThread: The delay timer was interrupted - probably did not wait as long as intended.
2021-05-15 10:26:14,888 INFO o.a.j.t.JMeterThread: Stopping: Thread Group 1-30
2021-05-15 10:26:14,888 INFO o.a.j.t.JMeterThread: Thread finished: Thread Group 1-37
2021-05-15 10:26:14,888 WARN o.a.j.t.JMeterThread: The delay timer was interrupted - probably did not wait as long as intended.
2021-05-15 10:26:14,888 INFO o.a.j.t.JMeterThread: Stopping: Thread Group 1-15
2021-05-15 10:26:14,888 INFO o.a.j.t.JMeterThread: Thread finished: Thread Group 1-7
2021-05-15 10:26:14,888 INFO o.a.j.t.JMeterThread: Thread finished: Thread Group 1-32
2021-05-15 10:26:14,888 INFO o.a.j.t.JMeterThread: Stopping: Thread Group 1-31
2021-05-15 10:26:14,888 INFO o.a.j.t.JMeterThread: Stopping: Thread Group 1-36
2021-05-15 10:26:14,888 WARN o.a.j.t.JMeterThread: The delay timer was interrupted - probably did not wait as long as intended.
2021-05-15 10:26:14,888 INFO o.a.j.t.JMeterThread: Stopping: Thread Group 1-1
2021-05-15 10:26:14,888 WARN o.a.j.t.JMeterThread: The delay timer was interrupted - probably did not wait as long as intended.
2021-05-15 10:26:14,888 INFO o.a.j.t.JMeterThread: Stopping: Thread Group 1-35
2021-05-15 10:26:14,888 INFO o.a.j.t.JMeterThread: Thread finished: Thread Group 1-31
2021-05-15 10:26:14,888 INFO o.a.j.t.JMeterThread: Thread finished: Thread Group 1-36
2021-05-15 10:26:14,888 INFO o.a.j.t.JMeterThread: Stopping: Thread Group 1-47
2021-05-15 10:26:14,888 INFO o.a.j.t.JMeterThread: Stopping: Thread Group 1-4
2021-05-15 10:26:14,888 WARN o.a.j.t.JMeterThread: The delay timer was interrupted - probably did not wait as long as intended.
2021-05-15 10:26:14,889 INFO o.a.j.t.JMeterThread: Stopping: Thread Group 1-11
2021-05-15 10:26:14,889 WARN o.a.j.t.JMeterThread: The delay timer was interrupted - probably did not wait as long as intended.
2021-05-15 10:26:14,889 INFO o.a.j.t.JMeterThread: Stopping: Thread Group 1-44
2021-05-15 10:26:14,889 INFO o.a.j.t.JMeterThread: Thread finished: Thread Group 1-47
2021-05-15 10:26:14,888 WARN o.a.j.t.JMeterThread: The delay timer was interrupted - probably did not wait as long as intended.
2021-05-15 10:26:14,888 WARN o.a.j.t.JMeterThread: The delay timer was interrupted - probably did not wait as long as intended.
2021-05-15 10:26:14,889 INFO o.a.j.t.JMeterThread: Thread finished: Thread Group 1-15
2021-05-15 10:26:14,889 WARN o.a.j.t.JMeterThread: Interrupting: Thread Group 1-44 sampler: Update Request
2021-05-15 10:26:14,889 INFO o.a.j.t.JMeterThread: Thread finished: Thread Group 1-30
2021-05-15 10:26:14,889 INFO o.a.j.t.JMeterThread: Thread finished: Thread Group 1-35
2021-05-15 10:26:14,889 WARN o.a.j.t.JMeterThread: The delay timer was interrupted - probably did not wait as long as intended.
2021-05-15 10:26:14,889 INFO o.a.j.t.JMeterThread: Thread finished: Thread Group 1-33
2021-05-15 10:26:14,889 WARN o.a.j.t.JMeterThread: The delay timer was interrupted - probably did not wait as long as intended.
2021-05-15 10:26:14,889 INFO o.a.j.t.JMeterThread: Thread finished: Thread Group 1-4
2021-05-15 10:26:14,889 INFO o.a.j.t.JMeterThread: Thread finished: Thread Group 1-11
2021-05-15 10:26:14,889 WARN o.a.j.t.JMeterThread: The delay timer was interrupted - probably did not wait as long as intended.
2021-05-15 10:26:14,890 INFO o.a.j.t.JMeterThread: Thread finished: Thread Group 1-1
2021-05-15 10:26:14,890 INFO o.a.j.t.JMeterThread: Stopping: Thread Group 1-12
2021-05-15 10:26:14,890 WARN o.a.j.t.JMeterThread: Interrupting: Thread Group 1-12 sampler: All Docs
2021-05-15 10:26:14,890 INFO o.a.j.t.JMeterThread: Thread finished: Thread Group 1-44
2021-05-15 10:26:14,891 INFO o.a.j.t.JMeterThread: Stopping: Thread Group 1-24
2021-05-15 10:26:14,891 INFO o.a.j.t.JMeterThread: Stopping: Thread Group 1-2
2021-05-15 10:26:14,891 WARN o.a.j.t.JMeterThread: The delay timer was interrupted - probably did not wait as long as intended.
2021-05-15 10:26:14,891 WARN o.a.j.t.JMeterThread: The delay timer was interrupted - probably did not wait as long as intended.
2021-05-15 10:26:14,891 INFO o.a.j.t.JMeterThread: Thread finished: Thread Group 1-24
2021-05-15 10:26:14,891 INFO o.a.j.t.JMeterThread: Thread finished: Thread Group 1-12
2021-05-15 10:26:14,891 INFO o.a.j.t.JMeterThread: Thread finished: Thread Group 1-2
2021-05-15 10:26:14,891 INFO o.a.j.e.StandardJMeterEngine: Notifying test listeners of end of test
2021-05-15 10:26:14,892 INFO o.a.j.g.u.JMeterMenuBar: setRunning(false, *local*)
